<?xml version="1.0" encoding="UTF-8"?>
<testsuite xmlns:xsi="http://www.w3.org/2001/XMLSchema-instance" xsi:noNamespaceSchemaLocation="https://maven.apache.org/surefire/maven-surefire-plugin/xsd/surefire-test-report-3.0.xsd" version="3.0" name="com.claudiobianco.java.renderapi.RenderApiApplicationTests" time="4.101" tests="2" errors="0" skipped="0" failures="0">
  <properties>
[...]
</properties>
  <testcase name="mainDeveRodarSemErros" classname="com.claudiobianco.java.renderapi.RenderApiApplicationTests" time="1.49">
    <system-out><![CDATA[23:57:59.350 [main] INFO org.springframework.test.context.support.AnnotationConfigContextLoaderUtils -- Could not detect default configuration classes for test class [com.claudiobianco.java.renderapi.RenderApiApplicationTests]: RenderApiApplicationTests does not declare any static, non-private, non-final, nested classes annotated with @Configuration.
23:57:59.505 [main] INFO org.springframework.boot.test.context.SpringBootTestContextBootstrapper -- Found @SpringBootConfiguration com.claudiobianco.java.renderapi.RenderApiApplication for test class com.claudiobianco.java.renderapi.RenderApiApplicationTests

  .   ____          _            __ _ _
 /\\ / ___'_ __ _ _(_)_ __  __ _ \ \ \ \
( ( )\___ | '_ | '_| | '_ \/ _` | \ \ \ \
 \\/  ___)| |_)| | | | | || (_| |  ) ) ) )
  '  |____| .__|_| |_|_| |_\__, | / / / /
 =========|_|==============|___/=/_/_/_/

 :: Spring Boot ::                (v3.3.5)

2025-11-11T23:58:00.166-03:00  INFO 685824 --- [           main] c.c.j.r.RenderApiApplicationTests        : Starting RenderApiApplicationTests using Java 17.0.16 with PID 685824 (started by claudio in /home/claudio/Repos/java-api-memory)
2025-11-11T23:58:00.169-03:00  INFO 685824 --- [           main] c.c.j.r.RenderApiApplicationTests        : No active profile set, falling back to 1 default profile: "default"
2025-11-11T23:58:01.376-03:00  INFO 685824 --- [           main] o.s.b.a.w.s.WelcomePageHandlerMapping    : Adding welcome page: class path resource [static/index.html]
2025-11-11T23:58:01.680-03:00  INFO 685824 --- [           main] c.c.j.r.RenderApiApplicationTests        : Started RenderApiApplicationTests in 1.931 seconds (process running for 3.339)

  .   ____          _            __ _ _
 /\\ / ___'_ __ _ _(_)_ __  __ _ \ \ \ \
( ( )\___ | '_ | '_| | '_ \/ _` | \ \ \ \
 \\/  ___)| |_)| | | | | || (_| |  ) ) ) )
  '  |____| .__|_| |_|_| |_\__, | / / / /
 =========|_|==============|___/=/_/_/_/

 :: Spring Boot ::                (v3.3.5)

2025-11-11T23:58:02.638-03:00  INFO 685824 --- [           main] c.c.java.renderapi.RenderApiApplication  : Starting RenderApiApplication using Java 17.0.16 with PID 685824 (started by claudio in /home/claudio/Repos/java-api-memory)
2025-11-11T23:58:02.638-03:00  INFO 685824 --- [           main] c.c.java.renderapi.RenderApiApplication  : No active profile set, falling back to 1 default profile: "default"
2025-11-11T23:58:02.898-03:00  INFO 685824 --- [           main] o.s.b.w.embedded.tomcat.TomcatWebServer  : Tomcat initialized with port 8080 (http)
2025-11-11T23:58:02.924-03:00  INFO 685824 --- [           main] o.apache.catalina.core.StandardService   : Starting service [Tomcat]
2025-11-11T23:58:02.925-03:00  INFO 685824 --- [           main] o.apache.catalina.core.StandardEngine    : Starting Servlet engine: [Apache Tomcat/10.1.31]
2025-11-11T23:58:02.985-03:00  INFO 685824 --- [           main] o.a.c.c.C.[Tomcat].[localhost].[/]       : Initializing Spring embedded WebApplicationContext
2025-11-11T23:58:02.986-03:00  INFO 685824 --- [           main] w.s.c.ServletWebServerApplicationContext : Root WebApplicationContext: initialization completed in 344 ms
2025-11-11T23:58:03.065-03:00  INFO 685824 --- [           main] o.s.b.a.w.s.WelcomePageHandlerMapping    : Adding welcome page: class path resource [static/index.html]
2025-11-11T23:58:03.166-03:00  INFO 685824 --- [           main] o.s.b.w.embedded.tomcat.TomcatWebServer  : Tomcat started on port 8080 (http) with context path '/'
2025-11-11T23:58:03.171-03:00  INFO 685824 --- [           main] c.c.java.renderapi.RenderApiApplication  : Started RenderApiApplication in 0.557 seconds (process running for 4.831)
]]></system-out>
  </testcase>
  <testcase name="contextLoads" classname="com.claudiobianco.java.renderapi.RenderApiApplicationTests" time="0.005"/>
</testsuite>